<?xml version="1.0" encoding="UTF-8"?>
<!-- Generated by org.testng.reporters.JUnitXMLReporter -->
<testsuite ignored="0" hostname="DESKTOP-PIRPPEB" failures="0" tests="3" name="Chrome Test" time="24.845" errors="0" timestamp="2025-04-10T15:15:03 GST">
  <testcase classname="com.nse.tests.StockSelection" name="verifyStock" time="7.354"/>
  <testcase classname="com.nse.tests.StockSelection" name="verifyStock" time="5.998"/>
  <testcase classname="com.nse.tests.StockSelection" name="verifyStock" time="5.848"/>
</testsuite> <!-- Chrome Test -->
