<?xml version="1.0" encoding="UTF-8"?>
<!-- Generated by org.testng.reporters.JUnitXMLReporter -->
<testsuite ignored="0" hostname="DESKTOP-PIRPPEB" failures="0" tests="3" name="Edge Test" time="28.446" errors="0" timestamp="2025-04-10T15:16:04 GST">
  <testcase classname="com.nse.tests.StockSelection" name="verifyStock" time="7.169"/>
  <testcase classname="com.nse.tests.StockSelection" name="verifyStock" time="7.068"/>
  <testcase classname="com.nse.tests.StockSelection" name="verifyStock" time="6.481"/>
</testsuite> <!-- Edge Test -->
