<?xml version="1.0" encoding="UTF-8"?>
<!-- Generated by org.testng.reporters.JUnitXMLReporter -->
<testsuite ignored="0" hostname="DESKTOP-PIRPPEB" failures="0" tests="3" name="Firefox Test" time="32.453" errors="0" timestamp="2025-04-10T15:15:36 GST">
  <testcase classname="com.nse.tests.StockSelection" name="verifyStock" time="6.602"/>
  <testcase classname="com.nse.tests.StockSelection" name="verifyStock" time="7.21"/>
  <testcase classname="com.nse.tests.StockSelection" name="verifyStock" time="7.614"/>
</testsuite> <!-- Firefox Test -->
