<?xml version="1.0" encoding="UTF-8"?>
<!-- Generated by org.testng.reporters.JUnitXMLReporter -->
<testsuite ignored="0" hostname="DESKTOP-PIRPPEB" failures="3" tests="3" name="Chrome Test" time="25.699" errors="0" timestamp="2025-04-09T21:13:51 GST">
  <testcase classname="com.nse.tests.StockSelection" name="verifyStock" time="3.407">
    <failure type="java.lang.IllegalAccessError" message="class com.nse.page.HomePage (in unnamed module @0x27f3a0c9) cannot access class jdk.internal.org.jline.utils.Log (in module jdk.internal.le) because module jdk.internal.le does not export jdk.internal.org.jline.utils to unnamed module @0x27f3a0c9">
      <![CDATA[java.lang.IllegalAccessError: class com.nse.page.HomePage (in unnamed module @0x27f3a0c9) cannot access class jdk.internal.org.jline.utils.Log (in module jdk.internal.le) because module jdk.internal.le does not export jdk.internal.org.jline.utils to unnamed module @0x27f3a0c9
at com.nse.page.HomePage.navigatetoNSE(HomePage.java:32)
at com.nse.tests.StockSelection.verifyStock(StockSelection.java:20)
at java.base/java.util.ArrayList.forEach(ArrayList.java:1541)
at java.base/java.util.concurrent.FutureTask.run(FutureTask.java:264)
at java.base/java.util.concurrent.ThreadPoolExecutor.runWorker(ThreadPoolExecutor.java:1128)
at java.base/java.util.concurrent.ThreadPoolExecutor$Worker.run(ThreadPoolExecutor.java:628)
at java.base/java.lang.Thread.run(Thread.java:834)
... Removed 17 stack frames]]>
    </failure>
  </testcase> <!-- verifyStock -->
  <testcase classname="com.nse.tests.StockSelection" name="verifyStock" time="3.137">
    <failure type="java.lang.IllegalAccessError" message="class com.nse.page.HomePage (in unnamed module @0x27f3a0c9) cannot access class jdk.internal.org.jline.utils.Log (in module jdk.internal.le) because module jdk.internal.le does not export jdk.internal.org.jline.utils to unnamed module @0x27f3a0c9">
      <![CDATA[java.lang.IllegalAccessError: class com.nse.page.HomePage (in unnamed module @0x27f3a0c9) cannot access class jdk.internal.org.jline.utils.Log (in module jdk.internal.le) because module jdk.internal.le does not export jdk.internal.org.jline.utils to unnamed module @0x27f3a0c9
at com.nse.page.HomePage.navigatetoNSE(HomePage.java:32)
at com.nse.tests.StockSelection.verifyStock(StockSelection.java:20)
at java.base/java.util.ArrayList.forEach(ArrayList.java:1541)
at java.base/java.util.concurrent.FutureTask.run(FutureTask.java:264)
at java.base/java.util.concurrent.ThreadPoolExecutor.runWorker(ThreadPoolExecutor.java:1128)
at java.base/java.util.concurrent.ThreadPoolExecutor$Worker.run(ThreadPoolExecutor.java:628)
at java.base/java.lang.Thread.run(Thread.java:834)
... Removed 17 stack frames]]>
    </failure>
  </testcase> <!-- verifyStock -->
  <testcase classname="com.nse.tests.StockSelection" name="verifyStock" time="3.174">
    <failure type="java.lang.IllegalAccessError" message="class com.nse.page.HomePage (in unnamed module @0x27f3a0c9) cannot access class jdk.internal.org.jline.utils.Log (in module jdk.internal.le) because module jdk.internal.le does not export jdk.internal.org.jline.utils to unnamed module @0x27f3a0c9">
      <![CDATA[java.lang.IllegalAccessError: class com.nse.page.HomePage (in unnamed module @0x27f3a0c9) cannot access class jdk.internal.org.jline.utils.Log (in module jdk.internal.le) because module jdk.internal.le does not export jdk.internal.org.jline.utils to unnamed module @0x27f3a0c9
at com.nse.page.HomePage.navigatetoNSE(HomePage.java:32)
at com.nse.tests.StockSelection.verifyStock(StockSelection.java:20)
at java.base/java.util.ArrayList.forEach(ArrayList.java:1541)
at java.base/java.util.concurrent.FutureTask.run(FutureTask.java:264)
at java.base/java.util.concurrent.ThreadPoolExecutor.runWorker(ThreadPoolExecutor.java:1128)
at java.base/java.util.concurrent.ThreadPoolExecutor$Worker.run(ThreadPoolExecutor.java:628)
at java.base/java.lang.Thread.run(Thread.java:834)
... Removed 17 stack frames]]>
    </failure>
  </testcase> <!-- verifyStock -->
</testsuite> <!-- Chrome Test -->
