<?xml version="1.0" encoding="UTF-8"?>
<testng-results ignored="0" total="9" passed="0" failed="9" skipped="0">
  <reporter-output>
  </reporter-output>
  <suite started-at="2025-04-09T21:13:25 GST" name="Stock Automation Suite" finished-at="2025-04-09T21:13:57 GST" duration-ms="31801">
    <groups>
    </groups>
    <test started-at="2025-04-09T21:13:25 GST" name="Chrome Test" finished-at="2025-04-09T21:13:51 GST" duration-ms="25699">
      <class name="com.nse.tests.StockSelection">
        <test-method is-config="true" signature="setup(java.lang.String)[pri:0, instance:com.nse.tests.StockSelection@55634720]" started-at="2025-04-09T21:13:25 GST" name="setup" finished-at="2025-04-09T21:13:33 GST" duration-ms="8050" status="PASS">
          <params>
            <param index="0">
              <value>
                <![CDATA[chrome]]>
              </value>
            </param>
          </params>
          <reporter-output>
          </reporter-output>
        </test-method> <!-- setup -->
        <test-method signature="verifyStock(java.lang.String)[pri:0, instance:com.nse.tests.StockSelection@55634720]" started-at="2025-04-09T21:13:33 GST" name="verifyStock" data-provider="stocks" finished-at="2025-04-09T21:13:37 GST" duration-ms="3407" status="FAIL">
          <params>
            <param index="0">
              <value>
                <![CDATA[TataMotors]]>
              </value>
            </param>
          </params>
          <exception class="java.lang.IllegalAccessError">
            <message>
              <![CDATA[class com.nse.page.HomePage (in unnamed module @0x27f3a0c9) cannot access class jdk.internal.org.jline.utils.Log (in module jdk.internal.le) because module jdk.internal.le does not export jdk.internal.org.jline.utils to unnamed module @0x27f3a0c9]]>
            </message>
            <full-stacktrace>
              <![CDATA[java.lang.IllegalAccessError: class com.nse.page.HomePage (in unnamed module @0x27f3a0c9) cannot access class jdk.internal.org.jline.utils.Log (in module jdk.internal.le) because module jdk.internal.le does not export jdk.internal.org.jline.utils to unnamed module @0x27f3a0c9
at com.nse.page.HomePage.navigatetoNSE(HomePage.java:32)
at com.nse.tests.StockSelection.verifyStock(StockSelection.java:20)
at java.base/jdk.internal.reflect.NativeMethodAccessorImpl.invoke0(Native Method)
at java.base/jdk.internal.reflect.NativeMethodAccessorImpl.invoke(NativeMethodAccessorImpl.java:62)
at java.base/jdk.internal.reflect.DelegatingMethodAccessorImpl.invoke(DelegatingMethodAccessorImpl.java:43)
at java.base/java.lang.reflect.Method.invoke(Method.java:566)
at org.testng.internal.invokers.MethodInvocationHelper.invokeMethod(MethodInvocationHelper.java:141)
at org.testng.internal.invokers.TestInvoker.invokeMethod(TestInvoker.java:686)
at org.testng.internal.invokers.TestInvoker.invokeTestMethod(TestInvoker.java:230)
at org.testng.internal.invokers.MethodRunner.runInSequence(MethodRunner.java:63)
at org.testng.internal.invokers.TestInvoker$MethodInvocationAgent.invoke(TestInvoker.java:992)
at org.testng.internal.invokers.TestInvoker.invokeTestMethods(TestInvoker.java:203)
at org.testng.internal.invokers.TestMethodWorker.invokeTestMethods(TestMethodWorker.java:154)
at org.testng.internal.invokers.TestMethodWorker.run(TestMethodWorker.java:134)
at java.base/java.util.ArrayList.forEach(ArrayList.java:1541)
at org.testng.TestRunner.privateRun(TestRunner.java:739)
at org.testng.TestRunner.run(TestRunner.java:614)
at org.testng.SuiteRunner.runTest(SuiteRunner.java:421)
at org.testng.SuiteRunner$SuiteWorker.run(SuiteRunner.java:463)
at org.testng.internal.thread.ThreadUtil.lambda$execute$0(ThreadUtil.java:64)
at java.base/java.util.concurrent.FutureTask.run(FutureTask.java:264)
at java.base/java.util.concurrent.ThreadPoolExecutor.runWorker(ThreadPoolExecutor.java:1128)
at java.base/java.util.concurrent.ThreadPoolExecutor$Worker.run(ThreadPoolExecutor.java:628)
at java.base/java.lang.Thread.run(Thread.java:834)
]]>
            </full-stacktrace>
          </exception> <!-- java.lang.IllegalAccessError -->
          <reporter-output>
          </reporter-output>
        </test-method> <!-- verifyStock -->
        <test-method is-config="true" signature="teardown()[pri:0, instance:com.nse.tests.StockSelection@55634720]" started-at="2025-04-09T21:13:37 GST" name="teardown" finished-at="2025-04-09T21:13:37 GST" duration-ms="493" status="PASS">
          <reporter-output>
          </reporter-output>
        </test-method> <!-- teardown -->
        <test-method is-config="true" signature="setup(java.lang.String)[pri:0, instance:com.nse.tests.StockSelection@55634720]" started-at="2025-04-09T21:13:37 GST" name="setup" finished-at="2025-04-09T21:13:39 GST" duration-ms="2304" status="PASS">
          <params>
            <param index="0">
              <value>
                <![CDATA[chrome]]>
              </value>
            </param>
          </params>
          <reporter-output>
          </reporter-output>
        </test-method> <!-- setup -->
        <test-method signature="verifyStock(java.lang.String)[pri:0, instance:com.nse.tests.StockSelection@55634720]" started-at="2025-04-09T21:13:39 GST" name="verifyStock" data-provider="stocks" finished-at="2025-04-09T21:13:43 GST" duration-ms="3137" status="FAIL">
          <params>
            <param index="0">
              <value>
                <![CDATA[CoalIndia]]>
              </value>
            </param>
          </params>
          <exception class="java.lang.IllegalAccessError">
            <message>
              <![CDATA[class com.nse.page.HomePage (in unnamed module @0x27f3a0c9) cannot access class jdk.internal.org.jline.utils.Log (in module jdk.internal.le) because module jdk.internal.le does not export jdk.internal.org.jline.utils to unnamed module @0x27f3a0c9]]>
            </message>
            <full-stacktrace>
              <![CDATA[java.lang.IllegalAccessError: class com.nse.page.HomePage (in unnamed module @0x27f3a0c9) cannot access class jdk.internal.org.jline.utils.Log (in module jdk.internal.le) because module jdk.internal.le does not export jdk.internal.org.jline.utils to unnamed module @0x27f3a0c9
at com.nse.page.HomePage.navigatetoNSE(HomePage.java:32)
at com.nse.tests.StockSelection.verifyStock(StockSelection.java:20)
at java.base/jdk.internal.reflect.NativeMethodAccessorImpl.invoke0(Native Method)
at java.base/jdk.internal.reflect.NativeMethodAccessorImpl.invoke(NativeMethodAccessorImpl.java:62)
at java.base/jdk.internal.reflect.DelegatingMethodAccessorImpl.invoke(DelegatingMethodAccessorImpl.java:43)
at java.base/java.lang.reflect.Method.invoke(Method.java:566)
at org.testng.internal.invokers.MethodInvocationHelper.invokeMethod(MethodInvocationHelper.java:141)
at org.testng.internal.invokers.TestInvoker.invokeMethod(TestInvoker.java:686)
at org.testng.internal.invokers.TestInvoker.invokeTestMethod(TestInvoker.java:230)
at org.testng.internal.invokers.MethodRunner.runInSequence(MethodRunner.java:63)
at org.testng.internal.invokers.TestInvoker$MethodInvocationAgent.invoke(TestInvoker.java:992)
at org.testng.internal.invokers.TestInvoker.invokeTestMethods(TestInvoker.java:203)
at org.testng.internal.invokers.TestMethodWorker.invokeTestMethods(TestMethodWorker.java:154)
at org.testng.internal.invokers.TestMethodWorker.run(TestMethodWorker.java:134)
at java.base/java.util.ArrayList.forEach(ArrayList.java:1541)
at org.testng.TestRunner.privateRun(TestRunner.java:739)
at org.testng.TestRunner.run(TestRunner.java:614)
at org.testng.SuiteRunner.runTest(SuiteRunner.java:421)
at org.testng.SuiteRunner$SuiteWorker.run(SuiteRunner.java:463)
at org.testng.internal.thread.ThreadUtil.lambda$execute$0(ThreadUtil.java:64)
at java.base/java.util.concurrent.FutureTask.run(FutureTask.java:264)
at java.base/java.util.concurrent.ThreadPoolExecutor.runWorker(ThreadPoolExecutor.java:1128)
at java.base/java.util.concurrent.ThreadPoolExecutor$Worker.run(ThreadPoolExecutor.java:628)
at java.base/java.lang.Thread.run(Thread.java:834)
]]>
            </full-stacktrace>
          </exception> <!-- java.lang.IllegalAccessError -->
          <reporter-output>
          </reporter-output>
        </test-method> <!-- verifyStock -->
        <test-method is-config="true" signature="teardown()[pri:0, instance:com.nse.tests.StockSelection@55634720]" started-at="2025-04-09T21:13:43 GST" name="teardown" finished-at="2025-04-09T21:13:43 GST" duration-ms="552" status="PASS">
          <reporter-output>
          </reporter-output>
        </test-method> <!-- teardown -->
        <test-method is-config="true" signature="setup(java.lang.String)[pri:0, instance:com.nse.tests.StockSelection@55634720]" started-at="2025-04-09T21:13:43 GST" name="setup" finished-at="2025-04-09T21:13:47 GST" duration-ms="3887" status="PASS">
          <params>
            <param index="0">
              <value>
                <![CDATA[chrome]]>
              </value>
            </param>
          </params>
          <reporter-output>
          </reporter-output>
        </test-method> <!-- setup -->
        <test-method signature="verifyStock(java.lang.String)[pri:0, instance:com.nse.tests.StockSelection@55634720]" started-at="2025-04-09T21:13:47 GST" name="verifyStock" data-provider="stocks" finished-at="2025-04-09T21:13:50 GST" duration-ms="3174" status="FAIL">
          <params>
            <param index="0">
              <value>
                <![CDATA[BajajFinance]]>
              </value>
            </param>
          </params>
          <exception class="java.lang.IllegalAccessError">
            <message>
              <![CDATA[class com.nse.page.HomePage (in unnamed module @0x27f3a0c9) cannot access class jdk.internal.org.jline.utils.Log (in module jdk.internal.le) because module jdk.internal.le does not export jdk.internal.org.jline.utils to unnamed module @0x27f3a0c9]]>
            </message>
            <full-stacktrace>
              <![CDATA[java.lang.IllegalAccessError: class com.nse.page.HomePage (in unnamed module @0x27f3a0c9) cannot access class jdk.internal.org.jline.utils.Log (in module jdk.internal.le) because module jdk.internal.le does not export jdk.internal.org.jline.utils to unnamed module @0x27f3a0c9
at com.nse.page.HomePage.navigatetoNSE(HomePage.java:32)
at com.nse.tests.StockSelection.verifyStock(StockSelection.java:20)
at java.base/jdk.internal.reflect.NativeMethodAccessorImpl.invoke0(Native Method)
at java.base/jdk.internal.reflect.NativeMethodAccessorImpl.invoke(NativeMethodAccessorImpl.java:62)
at java.base/jdk.internal.reflect.DelegatingMethodAccessorImpl.invoke(DelegatingMethodAccessorImpl.java:43)
at java.base/java.lang.reflect.Method.invoke(Method.java:566)
at org.testng.internal.invokers.MethodInvocationHelper.invokeMethod(MethodInvocationHelper.java:141)
at org.testng.internal.invokers.TestInvoker.invokeMethod(TestInvoker.java:686)
at org.testng.internal.invokers.TestInvoker.invokeTestMethod(TestInvoker.java:230)
at org.testng.internal.invokers.MethodRunner.runInSequence(MethodRunner.java:63)
at org.testng.internal.invokers.TestInvoker$MethodInvocationAgent.invoke(TestInvoker.java:992)
at org.testng.internal.invokers.TestInvoker.invokeTestMethods(TestInvoker.java:203)
at org.testng.internal.invokers.TestMethodWorker.invokeTestMethods(TestMethodWorker.java:154)
at org.testng.internal.invokers.TestMethodWorker.run(TestMethodWorker.java:134)
at java.base/java.util.ArrayList.forEach(ArrayList.java:1541)
at org.testng.TestRunner.privateRun(TestRunner.java:739)
at org.testng.TestRunner.run(TestRunner.java:614)
at org.testng.SuiteRunner.runTest(SuiteRunner.java:421)
at org.testng.SuiteRunner$SuiteWorker.run(SuiteRunner.java:463)
at org.testng.internal.thread.ThreadUtil.lambda$execute$0(ThreadUtil.java:64)
at java.base/java.util.concurrent.FutureTask.run(FutureTask.java:264)
at java.base/java.util.concurrent.ThreadPoolExecutor.runWorker(ThreadPoolExecutor.java:1128)
at java.base/java.util.concurrent.ThreadPoolExecutor$Worker.run(ThreadPoolExecutor.java:628)
at java.base/java.lang.Thread.run(Thread.java:834)
]]>
            </full-stacktrace>
          </exception> <!-- java.lang.IllegalAccessError -->
          <reporter-output>
          </reporter-output>
        </test-method> <!-- verifyStock -->
        <test-method is-config="true" signature="teardown()[pri:0, instance:com.nse.tests.StockSelection@55634720]" started-at="2025-04-09T21:13:50 GST" name="teardown" finished-at="2025-04-09T21:13:51 GST" duration-ms="618" status="PASS">
          <reporter-output>
          </reporter-output>
        </test-method> <!-- teardown -->
      </class> <!-- com.nse.tests.StockSelection -->
    </test> <!-- Chrome Test -->
    <test started-at="2025-04-09T21:13:25 GST" name="Edge Test" finished-at="2025-04-09T21:13:53 GST" duration-ms="27632">
      <class name="com.nse.tests.StockSelection">
        <test-method is-config="true" signature="setup(java.lang.String)[pri:0, instance:com.nse.tests.StockSelection@17f62e33]" started-at="2025-04-09T21:13:25 GST" name="setup" finished-at="2025-04-09T21:13:33 GST" duration-ms="8029" status="PASS">
          <params>
            <param index="0">
              <value>
                <![CDATA[chrome]]>
              </value>
            </param>
          </params>
          <reporter-output>
          </reporter-output>
        </test-method> <!-- setup -->
        <test-method signature="verifyStock(java.lang.String)[pri:0, instance:com.nse.tests.StockSelection@17f62e33]" started-at="2025-04-09T21:13:33 GST" name="verifyStock" data-provider="stocks" finished-at="2025-04-09T21:13:37 GST" duration-ms="3700" status="FAIL">
          <params>
            <param index="0">
              <value>
                <![CDATA[TataMotors]]>
              </value>
            </param>
          </params>
          <exception class="java.lang.IllegalAccessError">
            <message>
              <![CDATA[class com.nse.page.HomePage (in unnamed module @0x27f3a0c9) cannot access class jdk.internal.org.jline.utils.Log (in module jdk.internal.le) because module jdk.internal.le does not export jdk.internal.org.jline.utils to unnamed module @0x27f3a0c9]]>
            </message>
            <full-stacktrace>
              <![CDATA[java.lang.IllegalAccessError: class com.nse.page.HomePage (in unnamed module @0x27f3a0c9) cannot access class jdk.internal.org.jline.utils.Log (in module jdk.internal.le) because module jdk.internal.le does not export jdk.internal.org.jline.utils to unnamed module @0x27f3a0c9
at com.nse.page.HomePage.navigatetoNSE(HomePage.java:32)
at com.nse.tests.StockSelection.verifyStock(StockSelection.java:20)
at java.base/jdk.internal.reflect.NativeMethodAccessorImpl.invoke0(Native Method)
at java.base/jdk.internal.reflect.NativeMethodAccessorImpl.invoke(NativeMethodAccessorImpl.java:62)
at java.base/jdk.internal.reflect.DelegatingMethodAccessorImpl.invoke(DelegatingMethodAccessorImpl.java:43)
at java.base/java.lang.reflect.Method.invoke(Method.java:566)
at org.testng.internal.invokers.MethodInvocationHelper.invokeMethod(MethodInvocationHelper.java:141)
at org.testng.internal.invokers.TestInvoker.invokeMethod(TestInvoker.java:686)
at org.testng.internal.invokers.TestInvoker.invokeTestMethod(TestInvoker.java:230)
at org.testng.internal.invokers.MethodRunner.runInSequence(MethodRunner.java:63)
at org.testng.internal.invokers.TestInvoker$MethodInvocationAgent.invoke(TestInvoker.java:992)
at org.testng.internal.invokers.TestInvoker.invokeTestMethods(TestInvoker.java:203)
at org.testng.internal.invokers.TestMethodWorker.invokeTestMethods(TestMethodWorker.java:154)
at org.testng.internal.invokers.TestMethodWorker.run(TestMethodWorker.java:134)
at java.base/java.util.ArrayList.forEach(ArrayList.java:1541)
at org.testng.TestRunner.privateRun(TestRunner.java:739)
at org.testng.TestRunner.run(TestRunner.java:614)
at org.testng.SuiteRunner.runTest(SuiteRunner.java:421)
at org.testng.SuiteRunner$SuiteWorker.run(SuiteRunner.java:463)
at org.testng.internal.thread.ThreadUtil.lambda$execute$0(ThreadUtil.java:64)
at java.base/java.util.concurrent.FutureTask.run(FutureTask.java:264)
at java.base/java.util.concurrent.ThreadPoolExecutor.runWorker(ThreadPoolExecutor.java:1128)
at java.base/java.util.concurrent.ThreadPoolExecutor$Worker.run(ThreadPoolExecutor.java:628)
at java.base/java.lang.Thread.run(Thread.java:834)
]]>
            </full-stacktrace>
          </exception> <!-- java.lang.IllegalAccessError -->
          <reporter-output>
          </reporter-output>
        </test-method> <!-- verifyStock -->
        <test-method is-config="true" signature="teardown()[pri:0, instance:com.nse.tests.StockSelection@17f62e33]" started-at="2025-04-09T21:13:37 GST" name="teardown" finished-at="2025-04-09T21:13:37 GST" duration-ms="471" status="PASS">
          <reporter-output>
          </reporter-output>
        </test-method> <!-- teardown -->
        <test-method is-config="true" signature="setup(java.lang.String)[pri:0, instance:com.nse.tests.StockSelection@17f62e33]" started-at="2025-04-09T21:13:37 GST" name="setup" finished-at="2025-04-09T21:13:39 GST" duration-ms="2046" status="PASS">
          <params>
            <param index="0">
              <value>
                <![CDATA[chrome]]>
              </value>
            </param>
          </params>
          <reporter-output>
          </reporter-output>
        </test-method> <!-- setup -->
        <test-method signature="verifyStock(java.lang.String)[pri:0, instance:com.nse.tests.StockSelection@17f62e33]" started-at="2025-04-09T21:13:39 GST" name="verifyStock" data-provider="stocks" finished-at="2025-04-09T21:13:42 GST" duration-ms="2635" status="FAIL">
          <params>
            <param index="0">
              <value>
                <![CDATA[CoalIndia]]>
              </value>
            </param>
          </params>
          <exception class="java.lang.IllegalAccessError">
            <message>
              <![CDATA[class com.nse.page.HomePage (in unnamed module @0x27f3a0c9) cannot access class jdk.internal.org.jline.utils.Log (in module jdk.internal.le) because module jdk.internal.le does not export jdk.internal.org.jline.utils to unnamed module @0x27f3a0c9]]>
            </message>
            <full-stacktrace>
              <![CDATA[java.lang.IllegalAccessError: class com.nse.page.HomePage (in unnamed module @0x27f3a0c9) cannot access class jdk.internal.org.jline.utils.Log (in module jdk.internal.le) because module jdk.internal.le does not export jdk.internal.org.jline.utils to unnamed module @0x27f3a0c9
at com.nse.page.HomePage.navigatetoNSE(HomePage.java:32)
at com.nse.tests.StockSelection.verifyStock(StockSelection.java:20)
at java.base/jdk.internal.reflect.NativeMethodAccessorImpl.invoke0(Native Method)
at java.base/jdk.internal.reflect.NativeMethodAccessorImpl.invoke(NativeMethodAccessorImpl.java:62)
at java.base/jdk.internal.reflect.DelegatingMethodAccessorImpl.invoke(DelegatingMethodAccessorImpl.java:43)
at java.base/java.lang.reflect.Method.invoke(Method.java:566)
at org.testng.internal.invokers.MethodInvocationHelper.invokeMethod(MethodInvocationHelper.java:141)
at org.testng.internal.invokers.TestInvoker.invokeMethod(TestInvoker.java:686)
at org.testng.internal.invokers.TestInvoker.invokeTestMethod(TestInvoker.java:230)
at org.testng.internal.invokers.MethodRunner.runInSequence(MethodRunner.java:63)
at org.testng.internal.invokers.TestInvoker$MethodInvocationAgent.invoke(TestInvoker.java:992)
at org.testng.internal.invokers.TestInvoker.invokeTestMethods(TestInvoker.java:203)
at org.testng.internal.invokers.TestMethodWorker.invokeTestMethods(TestMethodWorker.java:154)
at org.testng.internal.invokers.TestMethodWorker.run(TestMethodWorker.java:134)
at java.base/java.util.ArrayList.forEach(ArrayList.java:1541)
at org.testng.TestRunner.privateRun(TestRunner.java:739)
at org.testng.TestRunner.run(TestRunner.java:614)
at org.testng.SuiteRunner.runTest(SuiteRunner.java:421)
at org.testng.SuiteRunner$SuiteWorker.run(SuiteRunner.java:463)
at org.testng.internal.thread.ThreadUtil.lambda$execute$0(ThreadUtil.java:64)
at java.base/java.util.concurrent.FutureTask.run(FutureTask.java:264)
at java.base/java.util.concurrent.ThreadPoolExecutor.runWorker(ThreadPoolExecutor.java:1128)
at java.base/java.util.concurrent.ThreadPoolExecutor$Worker.run(ThreadPoolExecutor.java:628)
at java.base/java.lang.Thread.run(Thread.java:834)
]]>
            </full-stacktrace>
          </exception> <!-- java.lang.IllegalAccessError -->
          <reporter-output>
          </reporter-output>
        </test-method> <!-- verifyStock -->
        <test-method is-config="true" signature="teardown()[pri:0, instance:com.nse.tests.StockSelection@17f62e33]" started-at="2025-04-09T21:13:42 GST" name="teardown" finished-at="2025-04-09T21:13:43 GST" duration-ms="783" status="PASS">
          <reporter-output>
          </reporter-output>
        </test-method> <!-- teardown -->
        <test-method is-config="true" signature="setup(java.lang.String)[pri:0, instance:com.nse.tests.StockSelection@17f62e33]" started-at="2025-04-09T21:13:43 GST" name="setup" finished-at="2025-04-09T21:13:47 GST" duration-ms="4182" status="PASS">
          <params>
            <param index="0">
              <value>
                <![CDATA[chrome]]>
              </value>
            </param>
          </params>
          <reporter-output>
          </reporter-output>
        </test-method> <!-- setup -->
        <test-method signature="verifyStock(java.lang.String)[pri:0, instance:com.nse.tests.StockSelection@17f62e33]" started-at="2025-04-09T21:13:47 GST" name="verifyStock" data-provider="stocks" finished-at="2025-04-09T21:13:52 GST" duration-ms="5311" status="FAIL">
          <params>
            <param index="0">
              <value>
                <![CDATA[BajajFinance]]>
              </value>
            </param>
          </params>
          <exception class="java.lang.IllegalAccessError">
            <message>
              <![CDATA[class com.nse.page.HomePage (in unnamed module @0x27f3a0c9) cannot access class jdk.internal.org.jline.utils.Log (in module jdk.internal.le) because module jdk.internal.le does not export jdk.internal.org.jline.utils to unnamed module @0x27f3a0c9]]>
            </message>
            <full-stacktrace>
              <![CDATA[java.lang.IllegalAccessError: class com.nse.page.HomePage (in unnamed module @0x27f3a0c9) cannot access class jdk.internal.org.jline.utils.Log (in module jdk.internal.le) because module jdk.internal.le does not export jdk.internal.org.jline.utils to unnamed module @0x27f3a0c9
at com.nse.page.HomePage.navigatetoNSE(HomePage.java:32)
at com.nse.tests.StockSelection.verifyStock(StockSelection.java:20)
at java.base/jdk.internal.reflect.NativeMethodAccessorImpl.invoke0(Native Method)
at java.base/jdk.internal.reflect.NativeMethodAccessorImpl.invoke(NativeMethodAccessorImpl.java:62)
at java.base/jdk.internal.reflect.DelegatingMethodAccessorImpl.invoke(DelegatingMethodAccessorImpl.java:43)
at java.base/java.lang.reflect.Method.invoke(Method.java:566)
at org.testng.internal.invokers.MethodInvocationHelper.invokeMethod(MethodInvocationHelper.java:141)
at org.testng.internal.invokers.TestInvoker.invokeMethod(TestInvoker.java:686)
at org.testng.internal.invokers.TestInvoker.invokeTestMethod(TestInvoker.java:230)
at org.testng.internal.invokers.MethodRunner.runInSequence(MethodRunner.java:63)
at org.testng.internal.invokers.TestInvoker$MethodInvocationAgent.invoke(TestInvoker.java:992)
at org.testng.internal.invokers.TestInvoker.invokeTestMethods(TestInvoker.java:203)
at org.testng.internal.invokers.TestMethodWorker.invokeTestMethods(TestMethodWorker.java:154)
at org.testng.internal.invokers.TestMethodWorker.run(TestMethodWorker.java:134)
at java.base/java.util.ArrayList.forEach(ArrayList.java:1541)
at org.testng.TestRunner.privateRun(TestRunner.java:739)
at org.testng.TestRunner.run(TestRunner.java:614)
at org.testng.SuiteRunner.runTest(SuiteRunner.java:421)
at org.testng.SuiteRunner$SuiteWorker.run(SuiteRunner.java:463)
at org.testng.internal.thread.ThreadUtil.lambda$execute$0(ThreadUtil.java:64)
at java.base/java.util.concurrent.FutureTask.run(FutureTask.java:264)
at java.base/java.util.concurrent.ThreadPoolExecutor.runWorker(ThreadPoolExecutor.java:1128)
at java.base/java.util.concurrent.ThreadPoolExecutor$Worker.run(ThreadPoolExecutor.java:628)
at java.base/java.lang.Thread.run(Thread.java:834)
]]>
            </full-stacktrace>
          </exception> <!-- java.lang.IllegalAccessError -->
          <reporter-output>
          </reporter-output>
        </test-method> <!-- verifyStock -->
        <test-method is-config="true" signature="teardown()[pri:0, instance:com.nse.tests.StockSelection@17f62e33]" started-at="2025-04-09T21:13:52 GST" name="teardown" finished-at="2025-04-09T21:13:53 GST" duration-ms="413" status="PASS">
          <reporter-output>
          </reporter-output>
        </test-method> <!-- teardown -->
      </class> <!-- com.nse.tests.StockSelection -->
    </test> <!-- Edge Test -->
    <test started-at="2025-04-09T21:13:25 GST" name="Firefox Test" finished-at="2025-04-09T21:13:57 GST" duration-ms="31801">
      <class name="com.nse.tests.StockSelection">
        <test-method is-config="true" signature="setup(java.lang.String)[pri:0, instance:com.nse.tests.StockSelection@25ce9dc4]" started-at="2025-04-09T21:13:25 GST" name="setup" finished-at="2025-04-09T21:13:33 GST" duration-ms="8038" status="PASS">
          <params>
            <param index="0">
              <value>
                <![CDATA[chrome]]>
              </value>
            </param>
          </params>
          <reporter-output>
          </reporter-output>
        </test-method> <!-- setup -->
        <test-method signature="verifyStock(java.lang.String)[pri:0, instance:com.nse.tests.StockSelection@25ce9dc4]" started-at="2025-04-09T21:13:33 GST" name="verifyStock" data-provider="stocks" finished-at="2025-04-09T21:13:42 GST" duration-ms="8319" status="FAIL">
          <params>
            <param index="0">
              <value>
                <![CDATA[TataMotors]]>
              </value>
            </param>
          </params>
          <exception class="java.lang.IllegalAccessError">
            <message>
              <![CDATA[class com.nse.page.HomePage (in unnamed module @0x27f3a0c9) cannot access class jdk.internal.org.jline.utils.Log (in module jdk.internal.le) because module jdk.internal.le does not export jdk.internal.org.jline.utils to unnamed module @0x27f3a0c9]]>
            </message>
            <full-stacktrace>
              <![CDATA[java.lang.IllegalAccessError: class com.nse.page.HomePage (in unnamed module @0x27f3a0c9) cannot access class jdk.internal.org.jline.utils.Log (in module jdk.internal.le) because module jdk.internal.le does not export jdk.internal.org.jline.utils to unnamed module @0x27f3a0c9
at com.nse.page.HomePage.navigatetoNSE(HomePage.java:32)
at com.nse.tests.StockSelection.verifyStock(StockSelection.java:20)
at java.base/jdk.internal.reflect.NativeMethodAccessorImpl.invoke0(Native Method)
at java.base/jdk.internal.reflect.NativeMethodAccessorImpl.invoke(NativeMethodAccessorImpl.java:62)
at java.base/jdk.internal.reflect.DelegatingMethodAccessorImpl.invoke(DelegatingMethodAccessorImpl.java:43)
at java.base/java.lang.reflect.Method.invoke(Method.java:566)
at org.testng.internal.invokers.MethodInvocationHelper.invokeMethod(MethodInvocationHelper.java:141)
at org.testng.internal.invokers.TestInvoker.invokeMethod(TestInvoker.java:686)
at org.testng.internal.invokers.TestInvoker.invokeTestMethod(TestInvoker.java:230)
at org.testng.internal.invokers.MethodRunner.runInSequence(MethodRunner.java:63)
at org.testng.internal.invokers.TestInvoker$MethodInvocationAgent.invoke(TestInvoker.java:992)
at org.testng.internal.invokers.TestInvoker.invokeTestMethods(TestInvoker.java:203)
at org.testng.internal.invokers.TestMethodWorker.invokeTestMethods(TestMethodWorker.java:154)
at org.testng.internal.invokers.TestMethodWorker.run(TestMethodWorker.java:134)
at java.base/java.util.ArrayList.forEach(ArrayList.java:1541)
at org.testng.TestRunner.privateRun(TestRunner.java:739)
at org.testng.TestRunner.run(TestRunner.java:614)
at org.testng.SuiteRunner.runTest(SuiteRunner.java:421)
at org.testng.SuiteRunner$SuiteWorker.run(SuiteRunner.java:463)
at org.testng.internal.thread.ThreadUtil.lambda$execute$0(ThreadUtil.java:64)
at java.base/java.util.concurrent.FutureTask.run(FutureTask.java:264)
at java.base/java.util.concurrent.ThreadPoolExecutor.runWorker(ThreadPoolExecutor.java:1128)
at java.base/java.util.concurrent.ThreadPoolExecutor$Worker.run(ThreadPoolExecutor.java:628)
at java.base/java.lang.Thread.run(Thread.java:834)
]]>
            </full-stacktrace>
          </exception> <!-- java.lang.IllegalAccessError -->
          <reporter-output>
          </reporter-output>
        </test-method> <!-- verifyStock -->
        <test-method is-config="true" signature="teardown()[pri:0, instance:com.nse.tests.StockSelection@25ce9dc4]" started-at="2025-04-09T21:13:42 GST" name="teardown" finished-at="2025-04-09T21:13:43 GST" duration-ms="1343" status="PASS">
          <reporter-output>
          </reporter-output>
        </test-method> <!-- teardown -->
        <test-method is-config="true" signature="setup(java.lang.String)[pri:0, instance:com.nse.tests.StockSelection@25ce9dc4]" started-at="2025-04-09T21:13:43 GST" name="setup" finished-at="2025-04-09T21:13:47 GST" duration-ms="3763" status="PASS">
          <params>
            <param index="0">
              <value>
                <![CDATA[chrome]]>
              </value>
            </param>
          </params>
          <reporter-output>
          </reporter-output>
        </test-method> <!-- setup -->
        <test-method signature="verifyStock(java.lang.String)[pri:0, instance:com.nse.tests.StockSelection@25ce9dc4]" started-at="2025-04-09T21:13:47 GST" name="verifyStock" data-provider="stocks" finished-at="2025-04-09T21:13:50 GST" duration-ms="2895" status="FAIL">
          <params>
            <param index="0">
              <value>
                <![CDATA[CoalIndia]]>
              </value>
            </param>
          </params>
          <exception class="java.lang.IllegalAccessError">
            <message>
              <![CDATA[class com.nse.page.HomePage (in unnamed module @0x27f3a0c9) cannot access class jdk.internal.org.jline.utils.Log (in module jdk.internal.le) because module jdk.internal.le does not export jdk.internal.org.jline.utils to unnamed module @0x27f3a0c9]]>
            </message>
            <full-stacktrace>
              <![CDATA[java.lang.IllegalAccessError: class com.nse.page.HomePage (in unnamed module @0x27f3a0c9) cannot access class jdk.internal.org.jline.utils.Log (in module jdk.internal.le) because module jdk.internal.le does not export jdk.internal.org.jline.utils to unnamed module @0x27f3a0c9
at com.nse.page.HomePage.navigatetoNSE(HomePage.java:32)
at com.nse.tests.StockSelection.verifyStock(StockSelection.java:20)
at java.base/jdk.internal.reflect.NativeMethodAccessorImpl.invoke0(Native Method)
at java.base/jdk.internal.reflect.NativeMethodAccessorImpl.invoke(NativeMethodAccessorImpl.java:62)
at java.base/jdk.internal.reflect.DelegatingMethodAccessorImpl.invoke(DelegatingMethodAccessorImpl.java:43)
at java.base/java.lang.reflect.Method.invoke(Method.java:566)
at org.testng.internal.invokers.MethodInvocationHelper.invokeMethod(MethodInvocationHelper.java:141)
at org.testng.internal.invokers.TestInvoker.invokeMethod(TestInvoker.java:686)
at org.testng.internal.invokers.TestInvoker.invokeTestMethod(TestInvoker.java:230)
at org.testng.internal.invokers.MethodRunner.runInSequence(MethodRunner.java:63)
at org.testng.internal.invokers.TestInvoker$MethodInvocationAgent.invoke(TestInvoker.java:992)
at org.testng.internal.invokers.TestInvoker.invokeTestMethods(TestInvoker.java:203)
at org.testng.internal.invokers.TestMethodWorker.invokeTestMethods(TestMethodWorker.java:154)
at org.testng.internal.invokers.TestMethodWorker.run(TestMethodWorker.java:134)
at java.base/java.util.ArrayList.forEach(ArrayList.java:1541)
at org.testng.TestRunner.privateRun(TestRunner.java:739)
at org.testng.TestRunner.run(TestRunner.java:614)
at org.testng.SuiteRunner.runTest(SuiteRunner.java:421)
at org.testng.SuiteRunner$SuiteWorker.run(SuiteRunner.java:463)
at org.testng.internal.thread.ThreadUtil.lambda$execute$0(ThreadUtil.java:64)
at java.base/java.util.concurrent.FutureTask.run(FutureTask.java:264)
at java.base/java.util.concurrent.ThreadPoolExecutor.runWorker(ThreadPoolExecutor.java:1128)
at java.base/java.util.concurrent.ThreadPoolExecutor$Worker.run(ThreadPoolExecutor.java:628)
at java.base/java.lang.Thread.run(Thread.java:834)
]]>
            </full-stacktrace>
          </exception> <!-- java.lang.IllegalAccessError -->
          <reporter-output>
          </reporter-output>
        </test-method> <!-- verifyStock -->
        <test-method is-config="true" signature="teardown()[pri:0, instance:com.nse.tests.StockSelection@25ce9dc4]" started-at="2025-04-09T21:13:50 GST" name="teardown" finished-at="2025-04-09T21:13:50 GST" duration-ms="484" status="PASS">
          <reporter-output>
          </reporter-output>
        </test-method> <!-- teardown -->
        <test-method is-config="true" signature="setup(java.lang.String)[pri:0, instance:com.nse.tests.StockSelection@25ce9dc4]" started-at="2025-04-09T21:13:50 GST" name="setup" finished-at="2025-04-09T21:13:53 GST" duration-ms="2736" status="PASS">
          <params>
            <param index="0">
              <value>
                <![CDATA[chrome]]>
              </value>
            </param>
          </params>
          <reporter-output>
          </reporter-output>
        </test-method> <!-- setup -->
        <test-method signature="verifyStock(java.lang.String)[pri:0, instance:com.nse.tests.StockSelection@25ce9dc4]" started-at="2025-04-09T21:13:53 GST" name="verifyStock" data-provider="stocks" finished-at="2025-04-09T21:13:57 GST" duration-ms="3919" status="FAIL">
          <params>
            <param index="0">
              <value>
                <![CDATA[BajajFinance]]>
              </value>
            </param>
          </params>
          <exception class="java.lang.IllegalAccessError">
            <message>
              <![CDATA[class com.nse.page.HomePage (in unnamed module @0x27f3a0c9) cannot access class jdk.internal.org.jline.utils.Log (in module jdk.internal.le) because module jdk.internal.le does not export jdk.internal.org.jline.utils to unnamed module @0x27f3a0c9]]>
            </message>
            <full-stacktrace>
              <![CDATA[java.lang.IllegalAccessError: class com.nse.page.HomePage (in unnamed module @0x27f3a0c9) cannot access class jdk.internal.org.jline.utils.Log (in module jdk.internal.le) because module jdk.internal.le does not export jdk.internal.org.jline.utils to unnamed module @0x27f3a0c9
at com.nse.page.HomePage.navigatetoNSE(HomePage.java:32)
at com.nse.tests.StockSelection.verifyStock(StockSelection.java:20)
at java.base/jdk.internal.reflect.NativeMethodAccessorImpl.invoke0(Native Method)
at java.base/jdk.internal.reflect.NativeMethodAccessorImpl.invoke(NativeMethodAccessorImpl.java:62)
at java.base/jdk.internal.reflect.DelegatingMethodAccessorImpl.invoke(DelegatingMethodAccessorImpl.java:43)
at java.base/java.lang.reflect.Method.invoke(Method.java:566)
at org.testng.internal.invokers.MethodInvocationHelper.invokeMethod(MethodInvocationHelper.java:141)
at org.testng.internal.invokers.TestInvoker.invokeMethod(TestInvoker.java:686)
at org.testng.internal.invokers.TestInvoker.invokeTestMethod(TestInvoker.java:230)
at org.testng.internal.invokers.MethodRunner.runInSequence(MethodRunner.java:63)
at org.testng.internal.invokers.TestInvoker$MethodInvocationAgent.invoke(TestInvoker.java:992)
at org.testng.internal.invokers.TestInvoker.invokeTestMethods(TestInvoker.java:203)
at org.testng.internal.invokers.TestMethodWorker.invokeTestMethods(TestMethodWorker.java:154)
at org.testng.internal.invokers.TestMethodWorker.run(TestMethodWorker.java:134)
at java.base/java.util.ArrayList.forEach(ArrayList.java:1541)
at org.testng.TestRunner.privateRun(TestRunner.java:739)
at org.testng.TestRunner.run(TestRunner.java:614)
at org.testng.SuiteRunner.runTest(SuiteRunner.java:421)
at org.testng.SuiteRunner$SuiteWorker.run(SuiteRunner.java:463)
at org.testng.internal.thread.ThreadUtil.lambda$execute$0(ThreadUtil.java:64)
at java.base/java.util.concurrent.FutureTask.run(FutureTask.java:264)
at java.base/java.util.concurrent.ThreadPoolExecutor.runWorker(ThreadPoolExecutor.java:1128)
at java.base/java.util.concurrent.ThreadPoolExecutor$Worker.run(ThreadPoolExecutor.java:628)
at java.base/java.lang.Thread.run(Thread.java:834)
]]>
            </full-stacktrace>
          </exception> <!-- java.lang.IllegalAccessError -->
          <reporter-output>
          </reporter-output>
        </test-method> <!-- verifyStock -->
        <test-method is-config="true" signature="teardown()[pri:0, instance:com.nse.tests.StockSelection@25ce9dc4]" started-at="2025-04-09T21:13:57 GST" name="teardown" finished-at="2025-04-09T21:13:57 GST" duration-ms="246" status="PASS">
          <reporter-output>
          </reporter-output>
        </test-method> <!-- teardown -->
      </class> <!-- com.nse.tests.StockSelection -->
    </test> <!-- Firefox Test -->
  </suite> <!-- Stock Automation Suite -->
</testng-results>
